Raw: f2 17 80 00 00 09 00 00 81 64 01 01 00 01 00 06 40 00 ce
Raw: f2 17 80 00 00 09 00 00 82 64 01 01 00 01 00 06 40 00 cd
Raw: f2 17 80 00 00 09 00 00 84 64 01 01 00 01 00 06 40 00 cb
Raw: f2 17 80 00 00 09 00 00 83 64 01 01 00 01 00 06 40 00 cc
Raw: f2 17 80 00 00 09 00 00 84 64 01 01 00 01 00 06 40 00 cb
Raw: f2 17 80 00 00 09 00 00 83 64 01 01 00 01 00 06 40 00 cc
Raw: f2 17 80 00 00 09 00 00 83 64 01 01 00 01 00 06 40 00 cc
Raw: f2 17 80 00 00 09 00 00 82 64 01 01 00 01 00 06 40 00 cd
Raw: f2 17 80 00 00 09 00 00 83 64 01 01 00 01 00 06 40 00 cc
Raw: f2 17 80 00 00 09 00 00 82 64 01 01 00 01 00 06 40 00 cd
Raw: f2 17 80 00 00 09 00 00 82 64 01 01 00 01 00 06 40 00 cd
Raw: f2 17 80 00 00 09 00 00 91 64 01 01 00 01 00 06 40 00 de
Raw: f2 17 80 00 00 0a 00 00 00 64 01 01 00 02 00 02 40 00 4b
Raw: f2 17 80 00 00 0a 00 04 47 64 01 01 00 02 00 02 40 00 08
Raw: f2 17 80 00 00 0a 00 00 0f 64 01 01 00 02 00 02 40 00 44
Raw: f2 17 80 00 00 0a 00 00 0f 64 01 01 00 02 00 02 40 00 44
Raw: f2 17 80 00 00 0a 00 00 0e 64 01 01 00 02 00 02 40 00 45
Raw: f2 17 80 00 00 0a 00 00 0e 64 01 01 00 02 00 02 40 00 45
Raw: f2 17 80 00 00 0a 00 00 0e 64 01 01 00 02 00 02 40 00 45
Raw: f2 17 80 00 00 0b 00 00 00 64 01 01 00 00 00 02 40 00 48
Raw: f2 17 80 00 00 0b 00 00 00 64 01 01 00 00 00 02 40 00 48
Raw: f2 17 80 00 00 0b 00 00 00 64 01 01 00 00 00 02 40 00 48
Raw: f2 17 80 00 00 0b 00 00 02 64 01 01 00 00 00 02 40 00 4a
Raw: f2 17 80 00 00 0b 00 00 01 64 01 01 00 00 00 02 40 00 49
Raw: f2 17 80 00 00 0b 00 00 02 64 01 01 00 00 00 02 40 00 4a
Raw: f2 17 80 00 00 0b 00 00 02 64 01 01 00 00 00 02 40 00 4a
Raw: f2 17 80 00 00 0c 00 00 00 64 01 01 00 10 00 06 40 00 5b
Raw: f2 17 80 00 00 0c 00 00 00 64 01 01 00 10 00 06 40 00 5b
Raw: f2 17 80 00 00 0c 00 00 00 64 01 01 00 10 00 06 40 00 5b
Raw: f2 17 80 00 00 0c 00 00 00 64 01 01 00 10 00 06 40 00 5b
Raw: f2 17 80 00 00 04 00 00 00 06 12 12 54 01 00 16 40 00 64
Raw: f2 17 80 00 00 02 00 00 00 06 12 12 54 00 44 16 40 00 27
Raw: f2 17 80 00 00 02 00 00 00 06 12 12 54 00 00 16 40 00 63
Raw: f2 17 80 00 00 02 00 00 00 06 12 00 00 00 00 16 40 00 25
Raw: f2 17 80 00 00 02 00 00 00 06 12 00 00 00 00 16 40 00 25
Raw: f2 17 80 00 00 02 00 00 00 06 12 00 00 00 00 16 40 00 25
Raw: f2 17 80 00 00 02 00 00 00 06 12 00 00 00 00 16 40 00 25
Raw: f2 17 80 00 00 02 00 00 00 06 12 00 00 00 00 16 40 00 25
Raw: f2 17 80 00 00 02 00 00 00 06 12 00 00 00 00 16 40 00 25
Raw: f2 17 80 00 00 02 00 00 00 06 12 00 00 00 00 16 40 00 25
Raw: f2 17 80 00 00 02 00 00 00 06 12 00 00 00 00 16 40 00 25
Raw: f2 17 80 00 00 02 00 00 00 06 12 00 00 00 00 16 40 00 25
Raw: f2 17 80 00 00 02 00 00 00 06 12 00 00 00 00 16 40 00 25
Raw: f2 17 80 00 00 02 00 00 00 06 12 00 00 00 00 16 40 00 25
Raw: f2 17 80 00 00 02 00 00 00 06 12 00 00 00 00 16 40 00 25
Raw: f2 17 80 00 00 02 00 00 00 06 12 00 00 00 00 16 40 00 25
Raw: f2 17 80 00 00 02 00 00 00 06 12 00 00 00 00 16 40 00 25
Raw: f2 17 80 00 00 02 00 00 00 06 12 00 00 00 00 16 40 00 25
Raw: f2 17 80 00 00 02 00 00 00 06 12 00 00 00 00 16 40 00 25
Raw: f2 17 80 00 00 02 00 00 00 06 12 00 00 00 00 16 40 00 25
Raw: f2 17 80 00 00 02 00 00 00 06 12 00 00 00 00 16 40 00 25
Raw: f2 17 80 00 00 02 00 00 00 06 12 00 00 00 00 16 40 00 25
Raw: f2 17 80 00 00 02 00 00 00 06 12 00 00 00 00 16 40 00 25
Raw: f2 17 80 00 00 02 00 00 00 06 12 00 00 00 00 16 40 00 25
Raw: f2 17 80 00 00 02 00 00 00 06 12 00 00 00 00 16 40 00 25
Raw: f2 17 80 00 00 02 00 00 00 06 12 00 00 00 00 16 40 00 25
Raw: f2 17 80 00 00 02 00 00 00 06 12 00 00 00 00 16 40 00 25
Raw: f2 17 80 00 00 02 00 00 00 64 01 01 00 00 00 1e 40 00 5d
Raw: f2 17 80 00 00 02 00 00 00 64 01 01 00 00 00 1e 40 00 5d
Raw: f2 17 80 00 00 02 00 00 00 64 01 01 00 00 00 1e 40 00 5d
Raw: f2 17 80 00 00 02 00 00 00 64 01 01 00 00 00 1e 40 00 5d
Raw: f2 17 80 00 00 02 00 00 00 64 01 01 00 00 00 1e 40 00 5d
Raw: f2 17 80 00 00 02 00 00 00 64 01 01 00 00 00 1e 40 00 5d
Raw: f2 17 80 00 00 02 00 00 00 64 01 01 00 00 00 1e 40 00 5d
Raw: f2 17 80 00 00 02 00 00 00 64 01 01 00 00 00 1e 40 00 5d
Raw: f2 17 80 00 00 02 00 00 00 64 01 01 00 00 00 1e 40 00 5d
Raw: f2 17 80 00 00 02 00 00 00 64 01 01 00 00 00 1e 40 00 5d
Raw: f2 17 80 00 00 02 00 00 00 64 01 01 00 00 00 1e 40 00 5d
Raw: f2 17 80 00 00 02 00 00 00 64 01 01 00 00 00 1e 40 00 5d
Raw: f2 17 80 00 00 02 00 00 00 64 01 01 00 00 00 1e 40 00 5d
Raw: f2 17 80 00 00 02 00 00 00 64 01 01 00 00 00 1e 40 00 5d
Raw: f2 17 80 00 00 02 00 00 00 64 01 01 00 00 00 1e 40 00 5d
Raw: f2 17 80 00 00 02 00 00 00 64 01 01 00 00 00 1e 40 00 5d
Raw: f2 17 80 00 00 02 00 00 00 64 01 01 00 00 00 1e 40 00 5d
Raw: f2 17 80 00 00 02 00 00 00 64 01 01 00 00 00 1e 40 00 5d
Raw: f2 17 80 00 00 02 00 00 00 64 01 01 00 00 00 1e 40 00 5d
Raw: f2 17 80 00 00 02 00 00 00 64 01 01 00 00 00 1e 40 00 5d
Raw: f2 17 80 00 00 02 00 00 00 64 01 01 00 00 00 1e 40 00 5d
Raw: f2 17 80 00 00 02 00 00 00 64 01 01 00 00 00 1e 40 00 5d
Raw: f2 17 80 00 00 02 00 00 00 64 01 01 00 00 00 1e 40 00 5d
Raw: f2 17 80 00 00 02 00 00 00 64 01 01 00 00 00 1e 40 00 5d
Raw: f2 17 80 00 00 02 00 00 00 64 01 01 00 00 00 1e 40 00 5d
Raw: f2 17 80 00 00 02 00 00 00 64 01 01 00 00 00 1e 40 00 5d
Raw: f2 17 80 00 00 02 00 00 00 64 01 01 00 00 00 1e 40 00 5d
Raw: f2 17 80 00 00 02 00 00 00 64 01 01 00 00 00 1e 40 00 5d
Raw: f2 17 80 00 00 02 00 00 00 64 01 01 00 00 00 1e 40 00 5d
Raw: f2 17 80 00 00 02 00 00 00 64 01 01 00 00 00 1e 40 00 5d
Raw: f2 17 80 00 00 02 00 00 00 64 01 01 00 00 00 1e 40 00 5d
Raw: f2 17 80 00 00 02 00 00 00 64 01 01 00 00 00 1e 40 00 5d
Raw: f2 17 80 00 00 02 00 00 00 64 01 01 00 00 00 1e 40 00 5d
Raw: f2 17 80 00 00 02 00 00 00 64 01 01 00 00 00 1e 40 00 5d
Raw: f2 17 80 00 00 02 00 00 00 64 01 01 00 00 00 1e 40 00 5d
Raw: f2 17 80 00 00 02 00 00 00 64 01 01 00 00 00 1e 40 00 5d
Raw: f2 17 80 00 00 02 00 00 00 64 01 01 00 00 00 1e 40 00 5d
Raw: f2 17 80 00 00 02 00 00 00 64 01 01 00 00 00 1e 40 00 5d
Raw: f2 17 80 00 00 02 00 00 00 64 01 01 00 00 00 1e 40 00 5d
Raw: f2 17 80 00 00 02 00 00 00 64 01 01 00 00 00 1e 40 00 5d
Raw: f2 17 80 00 00 02 00 00 00 64 01 01 00 00 00 1e 40 00 5d
Raw: f2 17 80 00 00 02 00 00 00 64 01 01 00 00 00 1e 40 00 5d
Raw: f2 17 80 00 00 02 00 00 00 64 01 01 00 00 00 1e 40 00 5d
Raw: f2 17 80 00 00 02 00 00 00 64 01 01 00 00 00 1e 40 00 5d
Raw: f2 17 80 00 00 02 00 00 00 64 01 01 00 00 00 1e 40 00 5d
Raw: f2 17 80 00 00 02 00 00 00 64 01 01 00 00 00 1e 40 00 5d
Raw: f2 17 80 00 00 02 00 00 00 64 01 01 00 00 00 1e 40 00 5d
Raw: f2 17 80 00 00 02 00 00 00 64 01 01 00 00 00 1e 40 00 5d
Raw: f2 17 80 00 00 02 00 00 00 64 01 01 00 00 00 1e 40 00 5d
Raw: f2 17 80 00 00 02 00 00 00 64 01 01 00 00 00 1e 40 00 5d
Raw: f2 17 80 00 00 02 00 00 00 00 00 00 00 00 00 1a 40 10 2d
Raw: f2 17 80 00 00 02 00 00 00 00 00 00 00 00 00 1a 40 10 2d
Raw: f2 17 80 00 00 02 00 00 01 00 00 00 00 00 00 1a 40 10 2c
Raw: f2 17 80 00 00 02 00 00 01 00 00 00 00 00 00 1a 40 10 2c
Raw: f2 17 80 00 00 02 00 00 01 00 00 00 00 00 00 1a 40 10 2c
Raw: f2 17 80 00 00 02 00 00 01 00 00 00 00 00 00 1a 40 10 2c
Raw: f2 17 80 00 00 02 00 00 00 00 00 00 00 00 00 1a 40 10 2d
Raw: f2 17 80 00 00 02 00 00 00 00 00 00 00 00 00 1a 40 10 2d
Raw: f2 17 80 00 00 02 00 00 00 00 00 00 00 00 00 1a 40 10 2d
Raw: f2 17 80 00 00 02 00 00 00 00 00 00 00 00 00 1a 40 10 2d
Raw: f2 17 80 00 00 02 00 00 00 00 00 00 00 00 00 1a 40 10 2d
Raw: f2 17 80 00 00 02 00 00 00 00 00 00 00 00 00 1a 40 10 2d
Raw: f2 17 80 00 00 02 00 00 00 00 00 00 00 00 00 1a 40 10 2d
Raw: f2 17 80 00 00 02 00 00 00 00 00 00 00 00 00 1a 40 10 2d
Raw: f2 17 80 00 00 02 00 00 00 00 00 00 00 00 00 1a 40 10 2d
Raw: f2 17 80 00 00 02 00 00 00 00 00 00 00 00 00 1a 40 10 2d
Raw: f2 17 80 00 00 02 00 00 00 00 00 00 00 00 00 1a 40 10 2d
Raw: f2 17 80 00 00 02 00 00 00 00 00 00 00 00 00 1a 40 10 2d
Raw: f2 17 80 00 00 02 00 00 00 00 00 00 00 00 00 1a 40 10 2d
Raw: f2 17 80 00 00 02 00 00 00 00 00 00 00 00 00 1a 40 10 2d
Raw: f2 17 80 00 00 02 00 00 00 00 00 00 00 00 00 1a 40 10 2d
Raw: f2 17 80 00 00 02 00 00 00 00 00 00 00 00 00 1a 40 10 2d
Raw: f2 17 80 00 00 02 00 00 00 00 00 00 00 00 00 1a 40 10 2d
Raw: f2 17 80 00 00 02 00 00 00 00 00 00 00 00 00 1a 40 10 2d
Raw: f2 17 80 00 00 02 00 00 00 00 00 00 00 00 00 1a 40 10 2d
Raw: f2 17 80 00 00 02 00 00 00 00 00 00 00 00 00 1a 40 10 2d
Raw: f2 17 80 00 00 02 00 00 00 00 00 00 00 00 00 1a 40 10 2d
Raw: f2 17 80 00 00 02 00 00 00 00 00 00 00 00 00 1a 40 10 2d
Raw: f2 17 80 00 00 02 00 00 00 00 00 00 00 00 00 1a 40 10 2d
Raw: f2 17 80 00 00 02 00 00 00 00 00 00 00 00 00 1a 40 10 2d
Raw: f2 17 80 00 00 02 00 00 00 00 00 00 00 00 00 1a 40 10 2d
Raw: f2 17 80 00 00 02 00 00 00 00 00 00 00 00 00 1a 40 10 2d
Raw: f2 17 80 00 00 02 00 00 00 00 00 00 00 00 00 1a 40 10 2d
Raw: f2 17 80 00 00 02 00 00 00 00 00 00 00 00 00 1a 40 10 2d
Raw: f2 17 80 00 00 02 00 00 00 00 00 00 00 00 00 1a 40 10 2d
Raw: f2 17 80 00 00 02 00 00 00 00 00 00 00 00 00 1a 40 10 2d
Raw: f2 17 80 00 00 02 00 00 00 00 00 00 00 00 00 1a 40 10 2d
Raw: f2 17 80 00 00 02 00 00 00 00 00 00 00 00 00 1a 40 10 2d
Raw: f2 17 80 00 00 02 00 00 00 64 01 01 00 00 00 1e 40 00 5d
Raw: f2 17 80 00 00 02 00 00 00 64 01 01 00 00 00 1e 40 00 5d
Raw: f2 17 80 00 00 02 00 00 00 64 01 01 00 00 00 1e 40 00 5d
Raw: f2 17 80 00 00 02 00 00 00 00 00 00 00 00 00 1e 40 10 29
Raw: f2 17 80 00 00 02 00 00 00 00 00 00 00 00 00 1e 40 10 29
Raw: f2 17 80 00 00 02 00 00 00 00 00 00 00 00 00 1e 40 10 29
Raw: f2 17 80 00 00 02 00 00 01 64 01 01 00 00 00 1e 40 00 5c
Raw: f2 17 80 00 00 02 00 00 01 64 01 01 00 00 00 1e 40 00 5c
Raw: f2 17 80 00 00 02 00 00 00 64 01 01 00 00 00 1e 40 00 5d
Raw: f2 17 80 00 00 02 00 00 00 00 00 00 00 00 00 1e 40 10 29
Raw: f2 17 80 00 00 02 00 00 00 00 00 00 00 00 00 1e 40 10 29
Raw: f2 17 80 00 00 02 00 00 00 00 00 00 00 00 00 1e 40 10 29
Raw: f2 17 80 00 00 02 00 00 00 00 00 00 00 00 00 1e 40 10 29
Raw: f2 17 80 00 00 02 00 00 00 00 00 00 00 00 00 1e 40 10 29
Raw: f2 17 80 00 00 02 00 00 00 00 00 00 00 00 00 1e 40 10 29
Raw: f2 17 80 00 00 02 00 00 00 00 00 00 00 00 00 1e 40 10 29
Raw: f2 17 80 00 00 02 00 00 00 00 00 00 00 00 00 1e 40 10 29
Raw: f2 17 80 00 00 02 00 00 00 00 00 00 00 00 00 1e 40 10 29
Raw: f2 17 80 00 00 02 00 00 00 00 00 00 00 00 00 1e 40 10 29
Raw: f2 17 80 00 00 02 00 00 00 00 00 00 00 00 00 1e 40 10 29
Raw: f2 17 80 00 00 02 00 00 00 00 00 00 00 00 00 1e 40 10 29
Raw: f2 17 80 00 00 02 00 00 00 00 00 00 00 00 00 1e 40 10 29
Raw: f2 17 80 00 00 02 00 00 00 00 00 00 00 00 00 1e 40 10 29
Raw: f2 17 80 00 00 02 00 00 00 00 00 00 00 00 00 1e 40 10 29
Raw: f2 17 80 00 00 02 00 00 00 00 00 00 00 00 00 1e 40 10 29
Raw: f2 17 80 00 00 02 00 00 00 00 00 00 00 00 00 1e 40 10 29
Raw: f2 17 80 00 00 02 00 00 00 00 00 00 00 00 00 1e 40 10 29
Raw: f2 17 80 00 00 02 00 00 00 00 00 00 00 00 00 1e 40 10 29
Raw: f2 17 80 00 00 02 00 00 00 00 00 00 00 00 00 1e 40 10 29
Raw: f2 17 80 00 00 02 00 00 00 00 00 00 00 00 00 1e 40 10 29
Raw: f2 17 80 00 00 02 00 05 53 64 01 01 00 00 00 1e 40 00 0b
Raw: f2 17 80 00 00 02 00 05 53 64 01 01 00 00 00 1e 40 00 0b
Raw: f2 17 80 00 00 02 00 00 00 64 01 01 00 00 00 1e 40 00 5d
Raw: f2 17 80 00 00 02 00 00 00 64 01 01 00 00 00 1e 40 00 5d
Raw: f2 17 80 00 00 02 00 00 00 64 01 01 00 00 00 1e 40 00 5d
Raw: f2 17 80 00 00 02 00 00 00 64 01 01 00 00 00 1e 40 00 5d
Raw: f2 17 80 00 00 02 00 00 00 64 01 01 00 00 00 1e 40 00 5d
Raw: f2 17 80 00 00 02 00 00 00 64 01 01 00 00 00 1e 40 00 5d
Raw: f2 17 80 00 00 02 00 00 00 64 01 01 00 00 00 1e 40 00 5d
Raw: f2 17 80 00 00 02 00 00 00 64 01 01 00 00 00 1e 40 00 5d
Raw: f2 17 80 00 00 02 00 00 00 64 01 01 00 00 00 1e 40 00 5d
Raw: f2 17 80 00 00 02 00 00 00 64 01 01 00 00 00 1e 40 00 5d
Raw: f2 17 80 00 00 02 00 00 00 64 01 01 00 00 00 1e 40 00 5d
Raw: f2 17 80 00 00 02 00 00 00 64 01 01 00 00 00 1e 40 00 5d
Raw: f2 17 80 00 00 02 00 00 00 64 01 01 00 00 00 1e 40 00 5d
Raw: f2 17 80 00 00 02 00 00 00 64 01 01 00 00 00 1e 40 00 5d
Raw: f2 17 80 00 00 02 00 00 00 64 01 01 00 00 00 1e 40 00 5d
Raw: f2 17 80 00 00 02 00 00 00 64 01 01 00 00 00 1e 40 00 5d
Raw: f2 17 80 00 00 02 00 00 00 64 01 01 00 00 00 1e 40 00 5d
Raw: f2 17 80 00 00 02 00 00 00 64 01 01 00 00 00 1e 40 00 5d
Raw: f2 17 80 00 00 02 00 00 00 64 01 01 00 00 00 1e 40 00 5d
Raw: f2 17 80 00 00 02 00 00 00 64 01 01 00 00 00 1e 40 00 5d
Raw: f2 17 80 00 00 02 00 00 00 64 01 01 00 00 00 1e 40 00 5d
Raw: f2 17 80 00 00 02 00 00 00 64 01 01 00 00 00 1e 40 00 5d
Raw: f2 17 80 00 00 02 00 00 00 64 01 01 00 00 00 1e 40 00 5d
Raw: f2 17 80 00 00 02 00 00 00 64 01 01 00 00 00 1e 40 00 5d
Raw: f2 17 80 00 00 02 00 00 00 64 01 01 00 00 00 1e 40 00 5d
Raw: f2 17 80 00 00 02 00 00 00 64 01 01 00 00 00 1e 40 00 5d
Raw: f2 17 80 00 00 02 00 00 00 64 01 01 00 00 00 1e 40 00 5d
Raw: f2 17 80 00 00 02 00 00 00 64 01 01 00 00 00 1e 40 00 5d
Raw: f2 17 80 00 00 02 00 00 00 64 01 01 00 00 00 1e 40 00 5d
Raw: f2 17 80 00 00 02 00 00 00 64 01 01 00 00 00 1e 40 00 5d
Raw: f2 17 80 00 00 02 00 00 00 64 01 01 00 00 00 1e 40 00 5d
Raw: f2 17 80 00 00 02 00 00 00 64 01 01 00 00 00 1e 40 00 5d
Raw: f2 17 80 00 00 02 00 00 00 64 01 01 00 00 00 1e 40 00 5d
Raw: f2 17 80 00 00 02 00 00 00 64 01 01 00 00 00 1e 40 00 5d
Raw: f2 17 80 00 00 02 00 00 00 64 01 01 00 00 00 1e 40 00 5d
Raw: f2 17 80 00 00 02 00 00 00 64 01 01 00 00 00 1e 40 00 5d
Raw: f2 17 80 00 00 02 00 00 00 64 01 01 00 00 00 1e 40 00 5d
Raw: f2 17 80 00 00 02 00 00 00 64 01 01 00 00 00 1e 40 00 5d
Raw: f2 17 80 00 00 02 00 00 00 64 01 01 00 00 00 1e 40 00 5d
Raw: f2 17 80 00 00 02 00 00 00 64 01 01 00 00 00 1e 40 00 5d
Raw: f2 17 80 00 00 02 00 00 00 64 01 01 00 00 00 1e 40 00 5d
Raw: f2 17 80 00 00 02 00 00 00 64 01 01 00 00 00 1e 40 00 5d
Raw: f2 17 80 00 00 02 00 00 00 64 01 01 00 00 00 1e 40 00 5d
Raw: f2 17 80 00 00 02 00 00 00 64 01 01 00 00 00 1e 40 00 5d
Raw: f2 17 80 00 00 02 00 00 00 64 01 01 00 00 00 1e 40 00 5d
Raw: f2 17 80 00 00 02 00 00 00 64 01 01 00 00 00 1e 40 00 5d
Raw: f2 17 80 00 00 02 00 00 00 64 01 01 00 00 00 1e 40 00 5d
Raw: f2 17 80 00 00 02 00 00 00 64 01 01 00 00 00 1e 40 00 5d
Raw: f2 17 80 00 00 02 00 00 00 64 01 01 00 00 00 1e 40 00 5d
Raw: f2 17 80 00 00 02 00 00 00 64 01 01 00 00 00 1e 40 00 5d
Raw: f2 17 80 00 00 02 00 00 00 64 01 01 00 00 00 1e 40 00 5d
Raw: f2 17 80 00 00 02 00 00 00 64 01 01 00 00 00 1e 40 00 5d
Raw: f2 17 80 00 00 02 00 00 00 64 01 01 00 00 00 1e 40 00 5d
Raw: f2 17 80 00 00 02 00 00 00 64 01 01 00 00 00 1e 40 00 5d
Raw: f2 17 80 00 00 02 00 00 00 64 01 01 00 00 00 1e 40 00 5d
Raw: f2 17 80 00 00 02 00 00 00 64 01 01 00 00 00 1e 40 00 5d
Raw: f2 17 80 00 00 02 00 00 00 64 01 01 00 00 00 1e 40 00 5d
Raw: f2 17 80 00 00 02 00 00 00 64 01 01 00 00 00 1e 40 00 5d
Raw: f2 17 80 00 00 02 00 00 00 64 01 01 00 00 00 1e 40 00 5d
Raw: f2 17 80 00 00 02 00 00 00 64 01 01 00 00 00 1e 40 00 5d
Raw: f2 17 80 00 00 02 00 00 00 64 01 01 00 00 00 1e 40 00 5d
Raw: f2 17 80 00 00 02 00 00 00 64 01 01 00 00 00 1e 40 00 5d
Raw: f2 17 80 00 00 02 00 00 00 64 01 01 00 00 00 1e 40 00 5d
Raw: f2 17 80 00 00 02 00 00 00 64 01 01 00 00 00 1e 40 00 5d
Raw: f2 17 80 00 00 02 00 00 00 64 01 01 00 00 00 1e 40 00 5d
Raw: f2 17 80 00 00 02 00 00 00 64 01 01 00 00 00 1e 40 00 5d
Raw: f2 17 80 00 00 02 00 00 00 64 01 01 00 00 00 1e 40 00 5d
Raw: f2 17 80 00 00 02 00 00 00 64 01 01 00 00 00 1e 40 00 5d
Raw: f2 17 80 00 00 02 00 00 00 64 01 01 00 00 00 1e 40 00 5d
Raw: f2 17 80 00 00 02 00 00 00 64 01 01 00 00 00 1e 40 00 5d
Raw: f2 17 80 00 00 02 00 00 00 64 01 01 00 00 00 1e 40 00 5d
Raw: f2 17 80 00 00 02 00 00 00 64 01 01 00 00 00 1e 40 00 5d
Raw: f2 17 80 00 00 02 00 00 00 64 01 01 00 00 00 1e 40 00 5d
Raw: f2 17 80 00 00 02 00 00 00 64 01 01 00 00 00 1e 40 00 5d
Raw: f2 17 80 00 00 02 00 00 00 64 01 01 00 00 00 1e 40 00 5d
Raw: f2 17 80 00 00 02 00 00 00 64 01 01 00 00 00 1e 40 00 5d
Raw: f2 17 80 00 00 02 00 00 00 64 01 01 00 00 00 1e 40 00 5d
Raw: f2 17 80 00 00 02 00 00 00 64 01 01 00 00 00 1e 40 00 5d
Raw: f2 17 80 00 00 02 00 00 00 64 01 01 00 00 00 1e 40 00 5d
Raw: f2 17 80 00 00 02 00 00 00 64 01 01 00 00 00 1e 40 00 5d
Raw: f2 17 80 00 00 02 00 00 00 64 01 01 00 00 00 1e 40 00 5d
Raw: f2 17 80 00 00 02 00 00 00 64 01 01 00 00 00 1e 40 00 5d
Raw: f2 17 80 00 00 02 00 00 00 64 01 01 00 00 00 1e 40 00 5d
Raw: f2 17 80 00 00 02 00 00 00 64 01 01 00 00 00 1e 40 00 5d
Raw: f2 17 80 00 00 02 00 00 00 64 01 01 00 00 00 1e 40 00 5d
Raw: f2 17 80 00 00 02 00 00 00 64 01 01 00 00 00 1e 40 00 5d
Raw: f2 17 80 00 00 02 00 00 00 64 01 01 00 00 00 1e 40 00 5d
Raw: f2 17 80 00 00 02 00 00 00 64 01 01 00 00 00 1e 40 00 5d
Raw: f2 17 80 00 00 02 00 00 00 64 01 01 00 00 00 1e 40 00 5d
Raw: f2 17 80 00 00 02 00 00 00 64 01 01 00 00 00 1e 40 00 5d
Raw: f2 17 80 00 00 02 00 00 00 64 01 01 00 00 00 1e 40 00 5d
Raw: f2 17 80 00 00 02 00 00 00 64 01 01 00 00 00 1e 40 00 5d
Raw: f2 17 80 00 00 02 00 00 00 64 01 01 00 00 00 1e 40 00 5d
Raw: f2 17 80 00 00 02 00 00 00 64 01 01 00 00 00 1e 40 00 5d
Raw: f2 17 80 00 00 02 00 00 00 64 01 01 00 00 00 1e 40 00 5d
Raw: f2 17 80 00 00 02 00 00 00 64 01 01 00 00 00 1e 40 00 5d
Raw: f2 17 80 00 00 02 00 00 00 64 01 01 00 00 00 1e 40 00 5d
Raw: f2 17 80 00 00 02 00 00 00 64 01 01 00 00 00 1e 40 00 5d
Raw: f2 17 80 00 00 02 00 00 00 64 01 01 00 00 00 1e 40 00 5d
Raw: f2 17 80 00 00 02 00 00 00 64 01 01 00 00 00 1e 40 00 5d
Raw: f2 17 80 00 00 02 00 00 00 64 01 01 00 00 00 1e 40 00 5d
Raw: f2 17 80 00 00 02 00 00 00 64 01 01 00 00 00 1e 40 00 5d
Raw: f2 17 80 00 00 02 00 00 00 64 01 01 00 00 00 1e 40 00 5d
Raw: f2 17 80 00 00 02 00 00 00 64 01 01 00 00 00 1e 40 00 5d
